


ARM Macro Assembler    Page 1 


    1 00000000         ;/******************************************************
                       ********************//**
    2 00000000         ; * @file     startup_ARMCM3.s
    3 00000000         ; * @brief    CMSIS Core Device Startup File for
    4 00000000         ; *           ARMCM3 Device
    5 00000000         ; * @version  V1.0.1
    6 00000000         ; * @date     23. July 2019
    7 00000000         ; ******************************************************
                       ************************/
    8 00000000         ;/*
    9 00000000         ; * Copyright (c) 2009-2019 Arm Limited. All rights rese
                       rved.
   10 00000000         ; *
   11 00000000         ; * SPDX-License-Identifier: Apache-2.0
   12 00000000         ; *
   13 00000000         ; * Licensed under the Apache License, Version 2.0 (the 
                       License); you may
   14 00000000         ; * not use this file except in compliance with the Lice
                       nse.
   15 00000000         ; * You may obtain a copy of the License at
   16 00000000         ; *
   17 00000000         ; * www.apache.org/licenses/LICENSE-2.0
   18 00000000         ; *
   19 00000000         ; * Unless required by applicable law or agreed to in wr
                       iting, software
   20 00000000         ; * distributed under the License is distributed on an A
                       S IS BASIS, WITHOUT
   21 00000000         ; * WARRANTIES OR CONDITIONS OF ANY KIND, either express
                        or implied.
   22 00000000         ; * See the License for the specific language governing 
                       permissions and
   23 00000000         ; * limitations under the License.
   24 00000000         ; */
   25 00000000         
   26 00000000         ;//-------- <<< Use Configuration Wizard in Context Menu
                        >>> ------------------
   27 00000000         
   28 00000000         
   29 00000000         ;<h> Stack Configuration
   30 00000000         ;  <o> Stack Size (in Bytes) <0x0-0xFFFFFFFF:8>
   31 00000000         ;</h>
   32 00000000         
   33 00000000 00000400 
                       Stack_Size
                               EQU              0x00000400
   34 00000000         
   35 00000000                 AREA             STACK, NOINIT, READWRITE, ALIGN
=3
   36 00000000         __stack_limit
   37 00000000         Stack_Mem
                               SPACE            Stack_Size
   38 00000400         __initial_sp
   39 00000400         
   40 00000400         
   41 00000400         ;<h> Heap Configuration
   42 00000400         ;  <o> Heap Size (in Bytes) <0x0-0xFFFFFFFF:8>
   43 00000400         ;</h>
   44 00000400         
   45 00000400 00000C00 



ARM Macro Assembler    Page 2 


                       Heap_Size
                               EQU              0x00000C00
   46 00000400         
   47 00000400                 IF               Heap_Size != 0 
                                                            ; Heap is provided
   48 00000400                 AREA             HEAP, NOINIT, READWRITE, ALIGN=
3
   49 00000000         __heap_base
   50 00000000         Heap_Mem
                               SPACE            Heap_Size
   51 00000C00         __heap_limit
   52 00000C00                 ENDIF
   53 00000C00         
   54 00000C00         
   55 00000C00                 PRESERVE8
   56 00000C00                 THUMB
   57 00000C00         
   58 00000C00         
   59 00000C00         ; Vector Table Mapped to Address 0 at Reset
   60 00000C00         
   61 00000C00                 AREA             RESET, DATA, READONLY
   62 00000000                 EXPORT           __Vectors
   63 00000000                 EXPORT           __Vectors_End
   64 00000000                 EXPORT           __Vectors_Size
   65 00000000         
   66 00000000 00000000 
                       __Vectors
                               DCD              __initial_sp ;     Top of Stack
                                                            
   67 00000004 00000000        DCD              Reset_Handler 
                                                            ;     Reset Handler
                                                            
   68 00000008 00000000        DCD              NMI_Handler ; -14 NMI Handler
   69 0000000C 00000000        DCD              HardFault_Handler ; -13 Hard Fa
                                                            ult Handler
   70 00000010 00000000        DCD              MemManage_Handler ; -12 MPU Fau
                                                            lt Handler
   71 00000014 00000000        DCD              BusFault_Handler ; -11 Bus Faul
                                                            t Handler
   72 00000018 00000000        DCD              UsageFault_Handler ; -10 Usage 
                                                            Fault Handler
   73 0000001C 00000000        DCD              0           ;     Reserved
   74 00000020 00000000        DCD              0           ;     Reserved
   75 00000024 00000000        DCD              0           ;     Reserved
   76 00000028 00000000        DCD              0           ;     Reserved
   77 0000002C 00000000        DCD              SVC_Handler ;  -5 SVCall Handle
                                                            r
   78 00000030 00000000        DCD              DebugMon_Handler ;  -4 Debug Mo
                                                            nitor Handler
   79 00000034 00000000        DCD              0           ;     Reserved
   80 00000038 00000000        DCD              PendSV_Handler ;  -2 PendSV Han
                                                            dler
   81 0000003C 00000000        DCD              SysTick_Handler ;  -1 SysTick H
                                                            andler
   82 00000040         
   83 00000040         ; Interrupts
   84 00000040 00000000        DCD              Interrupt0_Handler 
                                                            ;   0 Interrupt 0
   85 00000044 00000000        DCD              Interrupt1_Handler 



ARM Macro Assembler    Page 3 


                                                            ;   1 Interrupt 1
   86 00000048 00000000        DCD              Interrupt2_Handler 
                                                            ;   2 Interrupt 2
   87 0000004C 00000000        DCD              Interrupt3_Handler 
                                                            ;   3 Interrupt 3
   88 00000050 00000000        DCD              Interrupt4_Handler 
                                                            ;   4 Interrupt 4
   89 00000054 00000000        DCD              Interrupt5_Handler 
                                                            ;   5 Interrupt 5
   90 00000058 00000000        DCD              Interrupt6_Handler 
                                                            ;   6 Interrupt 6
   91 0000005C 00000000        DCD              Interrupt7_Handler 
                                                            ;   7 Interrupt 7
   92 00000060 00000000        DCD              Interrupt8_Handler 
                                                            ;   8 Interrupt 8
   93 00000064 00000000        DCD              Interrupt9_Handler 
                                                            ;   9 Interrupt 9
   94 00000068         
   95 00000068 00 00 00 
              00 00 00 
              00 00 00 
              00 00 00 
              00 00 00 
              00 00 00 
              00 00 00 
              00 00 00 
              00 00 00 
              00 00 00 
              00 00 00 
              00 00 00 
              00 00 00 
              00 00 00 
              00 00 00 
              00 00 00 
              00 00 00 
              00 00 00 
              00 00 00 
              00 00 00 
              00 00 00 
              00 00 00 
              00 00 00 
              00 00 00 
              00 00 00 
              00 00 00 
              00 00 00 
              00 00 00 
              00 00 00 
              00 00 00 
              00 00 00 
              00 00 00 
              00 00 00 
              00 00 00 
              00 00 00 
              00 00 00 
              00 00 00 
              00 00 00 
              00 00 00 
              00 00 00 
              00 00 00 



ARM Macro Assembler    Page 4 


              00 00 00 
              00 00 00 
              00 00 00 
              00 00 00 
              00 00 00 
              00 00 00 
              00 00 00 
              00 00 00 
              00 00 00 
              00 00 00 
              00 00 00 
              00 00 00 
              00 00 00 
              00 00 00 
              00 00 00 
              00 00 00 
              00 00 00 
              00 00 00 
              00 00 00 
              00 00 00 
              00 00 00 
              00 00 00 
              00 00 00 
              00 00 00 
              00 00 00 
              00 00 00 
              00 00 00 
              00 00 00 
              00 00 00 
              00 00 00 
              00 00 00 
              00 00 00 
              00 00 00 
              00 00 00 
              00 00 00 
              00 00 00 
              00 00 00 
              00 00 00 
              00 00 00 
              00 00 00 
              00 00 00 
              00 00 00 
              00 00 00 
              00 00 00 
              00 00 00 
              00 00 00 
              00 00 00 
              00 00 00 
              00 00 00 
              00 00 00 
              00 00 00 
              00 00 00 
              00 00 00 
              00 00 00 
              00 00 00 
              00 00 00 
              00 00 00 
              00 00 00 
              00 00 00 



ARM Macro Assembler    Page 5 


              00 00 00 
              00 00 00 
              00 00 00 
              00 00 00 
              00 00 00 
              00 00 00 
              00 00 00 
              00 00 00 
              00 00 00 
              00 00 00 
              00 00 00 
              00 00 00 
              00 00 00 
              00 00 00 
              00 00 00 
              00 00 00 
              00 00 00 
              00 00 00 
              00 00 00 
              00 00 00 
              00 00 00 
              00 00 00 
              00 00 00 
              00 00 00 
              00 00 00 
              00 00 00 
              00 00 00 
              00 00 00 
              00 00 00 
              00 00 00 
              00 00 00 
              00 00 00 
              00 00 00 
              00 00 00 
              00 00 00 
              00 00 00 
              00 00 00 
              00 00 00 
              00 00 00 
              00 00 00 
              00 00 00 
              00 00 00 
              00 00 00 
              00 00 00 
              00 00 00 
              00 00 00 
              00 00 00 
              00 00 00 
              00 00 00 
              00 00 00 
              00 00 00 
              00 00 00 
              00 00 00 
              00 00 00 
              00 00 00 
              00 00 00 
              00 00 00 
              00 00 00 
              00 00 00 



ARM Macro Assembler    Page 6 


              00 00 00 
              00 00 00 
              00 00 00 
              00 00 00 
              00 00 00 
              00 00 00 
              00 00 00 
              00 00 00 
              00 00 00 
              00 00 00 
              00 00 00 
              00 00 00 
              00 00 00 
              00 00 00 
              00 00 00 
              00 00 00 
              00 00 00 
              00 00 00 
              00 00 00 
              00 00 00 
              00 00 00 
              00 00 00 
              00 00 00 
              00 00 00 
              00 00 00 
              00 00 00 
              00 00 00 
              00 00 00 
              00 00 00 
              00 00 00 
              00 00 00 
              00 00 00 
              00 00 00 
              00 00 00 
              00 00 00 
              00 00 00 
              00 00 00 
              00 00 00 
              00 00 00 
              00 00 00 
              00 00 00 
              00 00 00 
              00 00 00 
              00 00 00 
              00 00 00 
              00 00 00 
              00 00 00 
              00 00 00 
              00 00 00 
              00 00 00 
              00 00 00 
              00 00 00 
              00 00 00 
              00 00 00 
              00 00 00 
              00 00 00 
              00 00 00 
              00 00 00 
              00 00 00 



ARM Macro Assembler    Page 7 


              00 00 00 
              00 00 00 
              00 00 00 
              00 00 00 
              00 00 00 
              00 00 00 
              00 00 00 
              00 00 00 
              00 00 00 
              00 00 00 
              00 00 00 
              00 00 00 
              00 00 00 
              00 00 00 
              00 00 00 
              00 00 00 
              00 00 00 
              00 00 00 
              00 00 00 
              00 00 00 
              00 00 00 
              00 00 00 
              00 00 00 
              00 00 00 
              00 00 00 
              00 00 00 
              00 00 00 
              00 00 00 
              00 00 00 
              00 00 00 
              00 00 00 
              00 00 00 
              00 00 00 
              00 00 00 
              00 00 00 
              00 00 00 
              00 00 00 
              00 00 00 
              00 00 00 
              00 00 00 
              00 00 00 
              00 00 00 
              00 00 00 
              00 00 00 
              00 00 00 
              00 00 00 
              00 00 00 
              00 00 00 
              00 00 00 
              00 00 00 
              00 00 00 
              00 00 00 
              00 00 00 
              00 00 00 
              00 00 00 
              00 00 00 
              00 00 00 
              00 00 00 
              00 00 00 



ARM Macro Assembler    Page 8 


              00 00 00 
              00 00 00 
              00 00 00 
              00 00 00 
              00 00 00 
              00 00 00 
              00 00 00 
              00 00 00 
              00               SPACE            (214 * 4)   ; Interrupts 10 .. 
                                                            224 are left out
   96 000003C0         __Vectors_End
   97 000003C0 000003C0 
                       __Vectors_Size
                               EQU              __Vectors_End - __Vectors
   98 000003C0         
   99 000003C0         
  100 000003C0                 AREA             |.text|, CODE, READONLY
  101 00000000         
  102 00000000         ; Reset Handler
  103 00000000         
  104 00000000         Reset_Handler
                               PROC
  105 00000000                 EXPORT           Reset_Handler             [WEAK
]
  106 00000000                 IMPORT           SystemInit
  107 00000000                 IMPORT           __main
  108 00000000         
  109 00000000 480B            LDR              R0, =SystemInit
  110 00000002 4780            BLX              R0
  111 00000004 480B            LDR              R0, =__main
  112 00000006 4700            BX               R0
  113 00000008                 ENDP
  114 00000008         
  115 00000008         ; The default macro is not used for HardFault_Handler
  116 00000008         ; because this results in a poor debug illusion.
  117 00000008         HardFault_Handler
                               PROC
  118 00000008                 EXPORT           HardFault_Handler         [WEAK
]
  119 00000008 E7FE            B                .
  120 0000000A                 ENDP
  121 0000000A         
  122 0000000A         ; Macro to define default exception/interrupt handlers.
  123 0000000A         ; Default handler are weak symbols with an endless loop.
                       
  124 0000000A         ; They can be overwritten by real handlers.
  125 0000000A                 MACRO
  126 0000000A                 Set_Default_Handler
                                                $Handler_Name
  127 0000000A         $Handler_Name
                               PROC
  128 0000000A                 EXPORT           $Handler_Name             [WEAK
]
  129 0000000A                 B                .
  130 0000000A                 ENDP
  131 0000000A                 MEND
  132 0000000A         
  133 0000000A         
  134 0000000A         ; Default exception/interrupt handler



ARM Macro Assembler    Page 9 


  135 0000000A         
  136 0000000A                 Set_Default_Handler
                                                NMI_Handler
  127 0000000A         NMI_Handler
                               PROC
  128 0000000A                 EXPORT           NMI_Handler             [WEAK]
  129 0000000A E7FE            B                .
  130 0000000C                 ENDP
  137 0000000C                 Set_Default_Handler
                                                MemManage_Handler
  127 0000000C         MemManage_Handler
                               PROC
  128 0000000C                 EXPORT           MemManage_Handler             [
WEAK]
  129 0000000C E7FE            B                .
  130 0000000E                 ENDP
  138 0000000E                 Set_Default_Handler
                                                BusFault_Handler
  127 0000000E         BusFault_Handler
                               PROC
  128 0000000E                 EXPORT           BusFault_Handler             [W
EAK]
  129 0000000E E7FE            B                .
  130 00000010                 ENDP
  139 00000010                 Set_Default_Handler
                                                UsageFault_Handler
  127 00000010         UsageFault_Handler
                               PROC
  128 00000010                 EXPORT           UsageFault_Handler             
[WEAK]
  129 00000010 E7FE            B                .
  130 00000012                 ENDP
  140 00000012                 Set_Default_Handler
                                                SVC_Handler
  127 00000012         SVC_Handler
                               PROC
  128 00000012                 EXPORT           SVC_Handler             [WEAK]
  129 00000012 E7FE            B                .
  130 00000014                 ENDP
  141 00000014                 Set_Default_Handler
                                                DebugMon_Handler
  127 00000014         DebugMon_Handler
                               PROC
  128 00000014                 EXPORT           DebugMon_Handler             [W
EAK]
  129 00000014 E7FE            B                .
  130 00000016                 ENDP
  142 00000016                 Set_Default_Handler
                                                PendSV_Handler
  127 00000016         PendSV_Handler
                               PROC
  128 00000016                 EXPORT           PendSV_Handler             [WEA
K]
  129 00000016 E7FE            B                .
  130 00000018                 ENDP
  143 00000018                 Set_Default_Handler
                                                SysTick_Handler
  127 00000018         SysTick_Handler
                               PROC



ARM Macro Assembler    Page 10 


  128 00000018                 EXPORT           SysTick_Handler             [WE
AK]
  129 00000018 E7FE            B                .
  130 0000001A                 ENDP
  144 0000001A         
  145 0000001A                 Set_Default_Handler
                                                Interrupt0_Handler
  127 0000001A         Interrupt0_Handler
                               PROC
  128 0000001A                 EXPORT           Interrupt0_Handler             
[WEAK]
  129 0000001A E7FE            B                .
  130 0000001C                 ENDP
  146 0000001C                 Set_Default_Handler
                                                Interrupt1_Handler
  127 0000001C         Interrupt1_Handler
                               PROC
  128 0000001C                 EXPORT           Interrupt1_Handler             
[WEAK]
  129 0000001C E7FE            B                .
  130 0000001E                 ENDP
  147 0000001E                 Set_Default_Handler
                                                Interrupt2_Handler
  127 0000001E         Interrupt2_Handler
                               PROC
  128 0000001E                 EXPORT           Interrupt2_Handler             
[WEAK]
  129 0000001E E7FE            B                .
  130 00000020                 ENDP
  148 00000020                 Set_Default_Handler
                                                Interrupt3_Handler
  127 00000020         Interrupt3_Handler
                               PROC
  128 00000020                 EXPORT           Interrupt3_Handler             
[WEAK]
  129 00000020 E7FE            B                .
  130 00000022                 ENDP
  149 00000022                 Set_Default_Handler
                                                Interrupt4_Handler
  127 00000022         Interrupt4_Handler
                               PROC
  128 00000022                 EXPORT           Interrupt4_Handler             
[WEAK]
  129 00000022 E7FE            B                .
  130 00000024                 ENDP
  150 00000024                 Set_Default_Handler
                                                Interrupt5_Handler
  127 00000024         Interrupt5_Handler
                               PROC
  128 00000024                 EXPORT           Interrupt5_Handler             
[WEAK]
  129 00000024 E7FE            B                .
  130 00000026                 ENDP
  151 00000026                 Set_Default_Handler
                                                Interrupt6_Handler
  127 00000026         Interrupt6_Handler
                               PROC
  128 00000026                 EXPORT           Interrupt6_Handler             
[WEAK]



ARM Macro Assembler    Page 11 


  129 00000026 E7FE            B                .
  130 00000028                 ENDP
  152 00000028                 Set_Default_Handler
                                                Interrupt7_Handler
  127 00000028         Interrupt7_Handler
                               PROC
  128 00000028                 EXPORT           Interrupt7_Handler             
[WEAK]
  129 00000028 E7FE            B                .
  130 0000002A                 ENDP
  153 0000002A                 Set_Default_Handler
                                                Interrupt8_Handler
  127 0000002A         Interrupt8_Handler
                               PROC
  128 0000002A                 EXPORT           Interrupt8_Handler             
[WEAK]
  129 0000002A E7FE            B                .
  130 0000002C                 ENDP
  154 0000002C                 Set_Default_Handler
                                                Interrupt9_Handler
  127 0000002C         Interrupt9_Handler
                               PROC
  128 0000002C                 EXPORT           Interrupt9_Handler             
[WEAK]
  129 0000002C E7FE            B                .
  130 0000002E                 ENDP
  155 0000002E         
  156 0000002E 00 00           ALIGN
  157 00000030         
  158 00000030         
  159 00000030         ; User setup Stack & Heap
  160 00000030         
  161 00000030                 IF               :LNOT::DEF:__MICROLIB
  162 00000030                 IMPORT           __use_two_region_memory
  163 00000030                 ENDIF
  164 00000030         
  165 00000030                 EXPORT           __stack_limit
  166 00000030                 EXPORT           __initial_sp
  167 00000030                 IF               Heap_Size != 0 
                                                            ; Heap is provided
  168 00000030                 EXPORT           __heap_base
  169 00000030                 EXPORT           __heap_limit
  170 00000030                 ENDIF
  171 00000030         
  172 00000030                 END
              00000000 
              00000000 
Command Line: --debug --xref --diag_suppress=9931 --cpu=Cortex-M3 --apcs=interw
ork --depend=.\objects\startup_armcm3.d -o.\objects\startup_armcm3.o -I.\RTE\_F
reeRTOS_kernel -ID:\keil_file\packs\ARM\CMSIS\5.7.0\CMSIS\Core\Include -ID:\kei
l_file\packs\ARM\CMSIS\5.7.0\Device\ARM\ARMCM3\Include --predefine="__UVISION_V
ERSION SETA 532" --predefine="_RTE_ SETA 1" --predefine="ARMCM3 SETA 1" --prede
fine="_RTE_ SETA 1" --list=.\listings\startup_armcm3.lst RTE\Device\ARMCM3\star
tup_ARMCM3.s



ARM Macro Assembler    Page 1 Alphabetic symbol ordering
Relocatable symbols

STACK 00000000

Symbol: STACK
   Definitions
      At line 35 in file RTE\Device\ARMCM3\startup_ARMCM3.s
   Uses
      None
Comment: STACK unused
Stack_Mem 00000000

Symbol: Stack_Mem
   Definitions
      At line 37 in file RTE\Device\ARMCM3\startup_ARMCM3.s
   Uses
      None
Comment: Stack_Mem unused
__initial_sp 00000400

Symbol: __initial_sp
   Definitions
      At line 38 in file RTE\Device\ARMCM3\startup_ARMCM3.s
   Uses
      At line 66 in file RTE\Device\ARMCM3\startup_ARMCM3.s
      At line 166 in file RTE\Device\ARMCM3\startup_ARMCM3.s

__stack_limit 00000000

Symbol: __stack_limit
   Definitions
      At line 36 in file RTE\Device\ARMCM3\startup_ARMCM3.s
   Uses
      At line 165 in file RTE\Device\ARMCM3\startup_ARMCM3.s
Comment: __stack_limit used once
4 symbols



ARM Macro Assembler    Page 1 Alphabetic symbol ordering
Relocatable symbols

HEAP 00000000

Symbol: HEAP
   Definitions
      At line 48 in file RTE\Device\ARMCM3\startup_ARMCM3.s
   Uses
      None
Comment: HEAP unused
Heap_Mem 00000000

Symbol: Heap_Mem
   Definitions
      At line 50 in file RTE\Device\ARMCM3\startup_ARMCM3.s
   Uses
      None
Comment: Heap_Mem unused
__heap_base 00000000

Symbol: __heap_base
   Definitions
      At line 49 in file RTE\Device\ARMCM3\startup_ARMCM3.s
   Uses
      At line 168 in file RTE\Device\ARMCM3\startup_ARMCM3.s
Comment: __heap_base used once
__heap_limit 00000C00

Symbol: __heap_limit
   Definitions
      At line 51 in file RTE\Device\ARMCM3\startup_ARMCM3.s
   Uses
      At line 169 in file RTE\Device\ARMCM3\startup_ARMCM3.s
Comment: __heap_limit used once
4 symbols



ARM Macro Assembler    Page 1 Alphabetic symbol ordering
Relocatable symbols

RESET 00000000

Symbol: RESET
   Definitions
      At line 61 in file RTE\Device\ARMCM3\startup_ARMCM3.s
   Uses
      None
Comment: RESET unused
__Vectors 00000000

Symbol: __Vectors
   Definitions
      At line 66 in file RTE\Device\ARMCM3\startup_ARMCM3.s
   Uses
      At line 62 in file RTE\Device\ARMCM3\startup_ARMCM3.s
      At line 97 in file RTE\Device\ARMCM3\startup_ARMCM3.s

__Vectors_End 000003C0

Symbol: __Vectors_End
   Definitions
      At line 96 in file RTE\Device\ARMCM3\startup_ARMCM3.s
   Uses
      At line 63 in file RTE\Device\ARMCM3\startup_ARMCM3.s
      At line 97 in file RTE\Device\ARMCM3\startup_ARMCM3.s

3 symbols



ARM Macro Assembler    Page 1 Alphabetic symbol ordering
Relocatable symbols

.text 00000000

Symbol: .text
   Definitions
      At line 100 in file RTE\Device\ARMCM3\startup_ARMCM3.s
   Uses
      None
Comment: .text unused
BusFault_Handler 0000000E

Symbol: BusFault_Handler
   Definitions
      At line 127 in macro Set_Default_Handler
      at line 138 in file RTE\Device\ARMCM3\startup_ARMCM3.s
   Uses
      At line 71 in file RTE\Device\ARMCM3\startup_ARMCM3.s
      At line 128 in macro Set_Default_Handler
      at line 138 in file RTE\Device\ARMCM3\startup_ARMCM3.s

DebugMon_Handler 00000014

Symbol: DebugMon_Handler
   Definitions
      At line 127 in macro Set_Default_Handler
      at line 141 in file RTE\Device\ARMCM3\startup_ARMCM3.s
   Uses
      At line 78 in file RTE\Device\ARMCM3\startup_ARMCM3.s
      At line 128 in macro Set_Default_Handler
      at line 141 in file RTE\Device\ARMCM3\startup_ARMCM3.s

HardFault_Handler 00000008

Symbol: HardFault_Handler
   Definitions
      At line 117 in file RTE\Device\ARMCM3\startup_ARMCM3.s
   Uses
      At line 69 in file RTE\Device\ARMCM3\startup_ARMCM3.s
      At line 118 in file RTE\Device\ARMCM3\startup_ARMCM3.s

Interrupt0_Handler 0000001A

Symbol: Interrupt0_Handler
   Definitions
      At line 127 in macro Set_Default_Handler
      at line 145 in file RTE\Device\ARMCM3\startup_ARMCM3.s
   Uses
      At line 84 in file RTE\Device\ARMCM3\startup_ARMCM3.s
      At line 128 in macro Set_Default_Handler
      at line 145 in file RTE\Device\ARMCM3\startup_ARMCM3.s

Interrupt1_Handler 0000001C

Symbol: Interrupt1_Handler
   Definitions
      At line 127 in macro Set_Default_Handler
      at line 146 in file RTE\Device\ARMCM3\startup_ARMCM3.s
   Uses
      At line 85 in file RTE\Device\ARMCM3\startup_ARMCM3.s
      At line 128 in macro Set_Default_Handler



ARM Macro Assembler    Page 2 Alphabetic symbol ordering
Relocatable symbols

      at line 146 in file RTE\Device\ARMCM3\startup_ARMCM3.s

Interrupt2_Handler 0000001E

Symbol: Interrupt2_Handler
   Definitions
      At line 127 in macro Set_Default_Handler
      at line 147 in file RTE\Device\ARMCM3\startup_ARMCM3.s
   Uses
      At line 86 in file RTE\Device\ARMCM3\startup_ARMCM3.s
      At line 128 in macro Set_Default_Handler
      at line 147 in file RTE\Device\ARMCM3\startup_ARMCM3.s

Interrupt3_Handler 00000020

Symbol: Interrupt3_Handler
   Definitions
      At line 127 in macro Set_Default_Handler
      at line 148 in file RTE\Device\ARMCM3\startup_ARMCM3.s
   Uses
      At line 87 in file RTE\Device\ARMCM3\startup_ARMCM3.s
      At line 128 in macro Set_Default_Handler
      at line 148 in file RTE\Device\ARMCM3\startup_ARMCM3.s

Interrupt4_Handler 00000022

Symbol: Interrupt4_Handler
   Definitions
      At line 127 in macro Set_Default_Handler
      at line 149 in file RTE\Device\ARMCM3\startup_ARMCM3.s
   Uses
      At line 88 in file RTE\Device\ARMCM3\startup_ARMCM3.s
      At line 128 in macro Set_Default_Handler
      at line 149 in file RTE\Device\ARMCM3\startup_ARMCM3.s

Interrupt5_Handler 00000024

Symbol: Interrupt5_Handler
   Definitions
      At line 127 in macro Set_Default_Handler
      at line 150 in file RTE\Device\ARMCM3\startup_ARMCM3.s
   Uses
      At line 89 in file RTE\Device\ARMCM3\startup_ARMCM3.s
      At line 128 in macro Set_Default_Handler
      at line 150 in file RTE\Device\ARMCM3\startup_ARMCM3.s

Interrupt6_Handler 00000026

Symbol: Interrupt6_Handler
   Definitions
      At line 127 in macro Set_Default_Handler
      at line 151 in file RTE\Device\ARMCM3\startup_ARMCM3.s
   Uses
      At line 90 in file RTE\Device\ARMCM3\startup_ARMCM3.s
      At line 128 in macro Set_Default_Handler
      at line 151 in file RTE\Device\ARMCM3\startup_ARMCM3.s

Interrupt7_Handler 00000028




ARM Macro Assembler    Page 3 Alphabetic symbol ordering
Relocatable symbols

Symbol: Interrupt7_Handler
   Definitions
      At line 127 in macro Set_Default_Handler
      at line 152 in file RTE\Device\ARMCM3\startup_ARMCM3.s
   Uses
      At line 91 in file RTE\Device\ARMCM3\startup_ARMCM3.s
      At line 128 in macro Set_Default_Handler
      at line 152 in file RTE\Device\ARMCM3\startup_ARMCM3.s

Interrupt8_Handler 0000002A

Symbol: Interrupt8_Handler
   Definitions
      At line 127 in macro Set_Default_Handler
      at line 153 in file RTE\Device\ARMCM3\startup_ARMCM3.s
   Uses
      At line 92 in file RTE\Device\ARMCM3\startup_ARMCM3.s
      At line 128 in macro Set_Default_Handler
      at line 153 in file RTE\Device\ARMCM3\startup_ARMCM3.s

Interrupt9_Handler 0000002C

Symbol: Interrupt9_Handler
   Definitions
      At line 127 in macro Set_Default_Handler
      at line 154 in file RTE\Device\ARMCM3\startup_ARMCM3.s
   Uses
      At line 93 in file RTE\Device\ARMCM3\startup_ARMCM3.s
      At line 128 in macro Set_Default_Handler
      at line 154 in file RTE\Device\ARMCM3\startup_ARMCM3.s

MemManage_Handler 0000000C

Symbol: MemManage_Handler
   Definitions
      At line 127 in macro Set_Default_Handler
      at line 137 in file RTE\Device\ARMCM3\startup_ARMCM3.s
   Uses
      At line 70 in file RTE\Device\ARMCM3\startup_ARMCM3.s
      At line 128 in macro Set_Default_Handler
      at line 137 in file RTE\Device\ARMCM3\startup_ARMCM3.s

NMI_Handler 0000000A

Symbol: NMI_Handler
   Definitions
      At line 127 in macro Set_Default_Handler
      at line 136 in file RTE\Device\ARMCM3\startup_ARMCM3.s
   Uses
      At line 68 in file RTE\Device\ARMCM3\startup_ARMCM3.s
      At line 128 in macro Set_Default_Handler
      at line 136 in file RTE\Device\ARMCM3\startup_ARMCM3.s

PendSV_Handler 00000016

Symbol: PendSV_Handler
   Definitions
      At line 127 in macro Set_Default_Handler
      at line 142 in file RTE\Device\ARMCM3\startup_ARMCM3.s



ARM Macro Assembler    Page 4 Alphabetic symbol ordering
Relocatable symbols

   Uses
      At line 80 in file RTE\Device\ARMCM3\startup_ARMCM3.s
      At line 128 in macro Set_Default_Handler
      at line 142 in file RTE\Device\ARMCM3\startup_ARMCM3.s

Reset_Handler 00000000

Symbol: Reset_Handler
   Definitions
      At line 104 in file RTE\Device\ARMCM3\startup_ARMCM3.s
   Uses
      At line 67 in file RTE\Device\ARMCM3\startup_ARMCM3.s
      At line 105 in file RTE\Device\ARMCM3\startup_ARMCM3.s

SVC_Handler 00000012

Symbol: SVC_Handler
   Definitions
      At line 127 in macro Set_Default_Handler
      at line 140 in file RTE\Device\ARMCM3\startup_ARMCM3.s
   Uses
      At line 77 in file RTE\Device\ARMCM3\startup_ARMCM3.s
      At line 128 in macro Set_Default_Handler
      at line 140 in file RTE\Device\ARMCM3\startup_ARMCM3.s

SysTick_Handler 00000018

Symbol: SysTick_Handler
   Definitions
      At line 127 in macro Set_Default_Handler
      at line 143 in file RTE\Device\ARMCM3\startup_ARMCM3.s
   Uses
      At line 81 in file RTE\Device\ARMCM3\startup_ARMCM3.s
      At line 128 in macro Set_Default_Handler
      at line 143 in file RTE\Device\ARMCM3\startup_ARMCM3.s

UsageFault_Handler 00000010

Symbol: UsageFault_Handler
   Definitions
      At line 127 in macro Set_Default_Handler
      at line 139 in file RTE\Device\ARMCM3\startup_ARMCM3.s
   Uses
      At line 72 in file RTE\Device\ARMCM3\startup_ARMCM3.s
      At line 128 in macro Set_Default_Handler
      at line 139 in file RTE\Device\ARMCM3\startup_ARMCM3.s

21 symbols



ARM Macro Assembler    Page 1 Alphabetic symbol ordering
Absolute symbols

Heap_Size 00000C00

Symbol: Heap_Size
   Definitions
      At line 45 in file RTE\Device\ARMCM3\startup_ARMCM3.s
   Uses
      At line 47 in file RTE\Device\ARMCM3\startup_ARMCM3.s
      At line 50 in file RTE\Device\ARMCM3\startup_ARMCM3.s
      At line 167 in file RTE\Device\ARMCM3\startup_ARMCM3.s

Stack_Size 00000400

Symbol: Stack_Size
   Definitions
      At line 33 in file RTE\Device\ARMCM3\startup_ARMCM3.s
   Uses
      At line 37 in file RTE\Device\ARMCM3\startup_ARMCM3.s
Comment: Stack_Size used once
__Vectors_Size 000003C0

Symbol: __Vectors_Size
   Definitions
      At line 97 in file RTE\Device\ARMCM3\startup_ARMCM3.s
   Uses
      At line 64 in file RTE\Device\ARMCM3\startup_ARMCM3.s
Comment: __Vectors_Size used once
3 symbols



ARM Macro Assembler    Page 1 Alphabetic symbol ordering
External symbols

SystemInit 00000000

Symbol: SystemInit
   Definitions
      At line 106 in file RTE\Device\ARMCM3\startup_ARMCM3.s
   Uses
      At line 109 in file RTE\Device\ARMCM3\startup_ARMCM3.s
Comment: SystemInit used once
__main 00000000

Symbol: __main
   Definitions
      At line 107 in file RTE\Device\ARMCM3\startup_ARMCM3.s
   Uses
      At line 111 in file RTE\Device\ARMCM3\startup_ARMCM3.s
Comment: __main used once
__use_two_region_memory 00000000

Symbol: __use_two_region_memory
   Definitions
      At line 162 in file RTE\Device\ARMCM3\startup_ARMCM3.s
   Uses
      None
Comment: __use_two_region_memory unused
3 symbols
375 symbols in table
